# JRE version: OpenJDK Runtime Environment (8.0_242-b01) (build 1.8.0_242-release-1644-b01)
# Java VM: OpenJDK 64-Bit Server VM (25.242-b01 mixed mode windows-amd64 compressed oops)
Heap:
 PSYoungGen      total 360960K, used 169403K [0x00000000d5580000, 0x00000000f0380000, 0x0000000100000000)
  eden space 314368K, 39% used [0x00000000d5580000,0x00000000dcd74f40,0x00000000e8880000)
  from space 46592K, 99% used [0x00000000ebf00000,0x00000000eec79db8,0x00000000eec80000)
  to   space 55808K, 0% used [0x00000000e8880000,0x00000000e8880000,0x00000000ebf00000)
 ParOldGen       total 401920K, used 81222K [0x0000000080000000, 0x0000000098880000, 0x00000000d5580000)
  object space 401920K, 20% used [0x0000000080000000,0x0000000084f518c0,0x0000000098880000)
 Metaspace       used 107130K, capacity 112578K, committed 112808K, reserved 1146880K
  class space    used 13937K, capacity 14961K, committed 15016K, reserved 1048576K
GC Heap History (10 events):
Event: 195.510 GC heap before
{Heap before GC invocations=24 (full 4):
 PSYoungGen      total 262144K, used 260034K [0x00000000d5580000, 0x00000000ea200000, 0x0000000100000000)
  eden space 221184K, 100% used [0x00000000d5580000,0x00000000e2d80000,0x00000000e2d80000)
  from space 40960K, 94% used [0x00000000e2d80000,0x00000000e5370920,0x00000000e5580000)
  to   space 46080K, 0% used [0x00000000e7500000,0x00000000e7500000,0x00000000ea200000)
 ParOldGen       total 401920K, used 72036K [0x0000000080000000, 0x0000000098880000, 0x00000000d5580000)
  object space 401920K, 17% used [0x0000000080000000,0x0000000084659258,0x0000000098880000)
 Metaspace       used 105620K, capacity 110872K, committed 111144K, reserved 1144832K
  class space    used 13808K, capacity 14804K, committed 14888K, reserved 1048576K
Event: 195.597 GC heap after
Heap after GC invocations=24 (full 4):
 PSYoungGen      total 290816K, used 38813K [0x00000000d5580000, 0x00000000eaf00000, 0x0000000100000000)
  eden space 244736K, 0% used [0x00000000d5580000,0x00000000d5580000,0x00000000e4480000)
  from space 46080K, 84% used [0x00000000e7500000,0x00000000e9ae77f8,0x00000000ea200000)
  to   space 49664K, 0% used [0x00000000e4480000,0x00000000e4480000,0x00000000e7500000)
 ParOldGen       total 401920K, used 72044K [0x0000000080000000, 0x0000000098880000, 0x00000000d5580000)
  object space 401920K, 17% used [0x0000000080000000,0x000000008465b258,0x0000000098880000)
 Metaspace       used 105620K, capacity 110872K, committed 111144K, reserved 1144832K
  class space    used 13808K, capacity 14804K, committed 14888K, reserved 1048576K
}
Event: 197.760 GC heap before
{Heap before GC invocations=25 (full 4):
 PSYoungGen      total 290816K, used 283549K [0x00000000d5580000, 0x00000000eaf00000, 0x0000000100000000)
  eden space 244736K, 100% used [0x00000000d5580000,0x00000000e4480000,0x00000000e4480000)
  from space 46080K, 84% used [0x00000000e7500000,0x00000000e9ae77f8,0x00000000ea200000)
  to   space 49664K, 0% used [0x00000000e4480000,0x00000000e4480000,0x00000000e7500000)
 ParOldGen       total 401920K, used 72044K [0x0000000080000000, 0x0000000098880000, 0x00000000d5580000)
  object space 401920K, 17% used [0x0000000080000000,0x000000008465b258,0x0000000098880000)
 Metaspace       used 106311K, capacity 111624K, committed 111784K, reserved 1146880K
  class space    used 13902K, capacity 14908K, committed 15016K, reserved 1048576K
Event: 197.817 GC heap after
Heap after GC invocations=25 (full 4):
 PSYoungGen      total 294400K, used 32757K [0x00000000d5580000, 0x00000000ecd80000, 0x0000000100000000)
  eden space 244736K, 0% used [0x00000000d5580000,0x00000000d5580000,0x00000000e4480000)
  from space 49664K, 65% used [0x00000000e4480000,0x00000000e647d540,0x00000000e7500000)
  to   space 50688K, 0% used [0x00000000e9c00000,0x00000000e9c00000,0x00000000ecd80000)
 ParOldGen       total 401920K, used 72052K [0x0000000080000000, 0x0000000098880000, 0x00000000d5580000)
  object space 401920K, 17% used [0x0000000080000000,0x000000008465d258,0x0000000098880000)
 Metaspace       used 106311K, capacity 111624K, committed 111784K, reserved 1146880K
  class space    used 13902K, capacity 14908K, committed 15016K, reserved 1048576K
}
Event: 200.428 GC heap before
{Heap before GC invocations=26 (full 4):
 PSYoungGen      total 294400K, used 277493K [0x00000000d5580000, 0x00000000ecd80000, 0x0000000100000000)
  eden space 244736K, 100% used [0x00000000d5580000,0x00000000e4480000,0x00000000e4480000)
  from space 49664K, 65% used [0x00000000e4480000,0x00000000e647d540,0x00000000e7500000)
  to   space 50688K, 0% used [0x00000000e9c00000,0x00000000e9c00000,0x00000000ecd80000)
 ParOldGen       total 401920K, used 72052K [0x0000000080000000, 0x0000000098880000, 0x00000000d5580000)
  object space 401920K, 17% used [0x0000000080000000,0x000000008465d258,0x0000000098880000)
 Metaspace       used 106741K, capacity 112130K, committed 112296K, reserved 1146880K
  class space    used 13929K, capacity 14955K, committed 15016K, reserved 1048576K
Event: 200.484 GC heap after
Heap after GC invocations=26 (full 4):
 PSYoungGen      total 329216K, used 23379K [0x00000000d5580000, 0x00000000ec880000, 0x0000000100000000)
  eden space 283648K, 0% used [0x00000000d5580000,0x00000000d5580000,0x00000000e6a80000)
  from space 45568K, 51% used [0x00000000e9c00000,0x00000000eb2d4f68,0x00000000ec880000)
  to   space 48128K, 0% used [0x00000000e6a80000,0x00000000e6a80000,0x00000000e9980000)
 ParOldGen       total 401920K, used 72060K [0x0000000080000000, 0x0000000098880000, 0x00000000d5580000)
  object space 401920K, 17% used [0x0000000080000000,0x000000008465f258,0x0000000098880000)
 Metaspace       used 106741K, capacity 112130K, committed 112296K, reserved 1146880K
  class space    used 13929K, capacity 14955K, committed 15016K, reserved 1048576K
}
Event: 204.700 GC heap before
{Heap before GC invocations=27 (full 4):
 PSYoungGen      total 329216K, used 307027K [0x00000000d5580000, 0x00000000ec880000, 0x0000000100000000)
  eden space 283648K, 100% used [0x00000000d5580000,0x00000000e6a80000,0x00000000e6a80000)
  from space 45568K, 51% used [0x00000000e9c00000,0x00000000eb2d4f68,0x00000000ec880000)
  to   space 48128K, 0% used [0x00000000e6a80000,0x00000000e6a80000,0x00000000e9980000)
 ParOldGen       total 401920K, used 72060K [0x0000000080000000, 0x0000000098880000, 0x00000000d5580000)
  object space 401920K, 17% used [0x0000000080000000,0x000000008465f258,0x0000000098880000)
 Metaspace       used 106841K, capacity 112216K, committed 112296K, reserved 1146880K
  class space    used 13932K, capacity 14958K, committed 15016K, reserved 1048576K
Event: 204.728 GC heap after
Heap after GC invocations=27 (full 4):
 PSYoungGen      total 331776K, used 21294K [0x00000000d5580000, 0x00000000eec80000, 0x0000000100000000)
  eden space 283648K, 0% used [0x00000000d5580000,0x00000000d5580000,0x00000000e6a80000)
  from space 48128K, 44% used [0x00000000e6a80000,0x00000000e7f4b9a8,0x00000000e9980000)
  to   space 46592K, 0% used [0x00000000ebf00000,0x00000000ebf00000,0x00000000eec80000)
 ParOldGen       total 401920K, used 72068K [0x0000000080000000, 0x0000000098880000, 0x00000000d5580000)
  object space 401920K, 17% used [0x0000000080000000,0x0000000084661258,0x0000000098880000)
 Metaspace       used 106841K, capacity 112216K, committed 112296K, reserved 1146880K
  class space    used 13932K, capacity 14958K, committed 15016K, reserved 1048576K
}
Event: 208.634 GC heap before
{Heap before GC invocations=28 (full 4):
 PSYoungGen      total 331776K, used 304942K [0x00000000d5580000, 0x00000000eec80000, 0x0000000100000000)
  eden space 283648K, 100% used [0x00000000d5580000,0x00000000e6a80000,0x00000000e6a80000)
  from space 48128K, 44% used [0x00000000e6a80000,0x00000000e7f4b9a8,0x00000000e9980000)
  to   space 46592K, 0% used [0x00000000ebf00000,0x00000000ebf00000,0x00000000eec80000)
 ParOldGen       total 401920K, used 72068K [0x0000000080000000, 0x0000000098880000, 0x00000000d5580000)
  object space 401920K, 17% used [0x0000000080000000,0x0000000084661258,0x0000000098880000)
 Metaspace       used 107090K, capacity 112514K, committed 112808K, reserved 1146880K
  class space    used 13937K, capacity 14961K, committed 15016K, reserved 1048576K
Event: 208.760 GC heap after
Heap after GC invocations=28 (full 4):
 PSYoungGen      total 360960K, used 46567K [0x00000000d5580000, 0x00000000f0380000, 0x0000000100000000)
  eden space 314368K, 0% used [0x00000000d5580000,0x00000000d5580000,0x00000000e8880000)
  from space 46592K, 99% used [0x00000000ebf00000,0x00000000eec79db8,0x00000000eec80000)
  to   space 55808K, 0% used [0x00000000e8880000,0x00000000e8880000,0x00000000ebf00000)
 ParOldGen       total 401920K, used 81222K [0x0000000080000000, 0x0000000098880000, 0x00000000d5580000)
  object space 401920K, 20% used [0x0000000080000000,0x0000000084f518c0,0x0000000098880000)
 Metaspace       used 107090K, capacity 112514K, committed 112808K, reserved 1146880K
  class space    used 13937K, capacity 14961K, committed 15016K, reserved 1048576K
}

