# JRE version: OpenJDK Runtime Environment (8.0_242-b01) (build 1.8.0_242-release-1644-b01)
# Java VM: OpenJDK 64-Bit Server VM (25.242-b01 mixed mode windows-amd64 compressed oops)
Heap:
 PSYoungGen      total 360448K, used 68473K [0x00000000d5580000, 0x00000000f0400000, 0x0000000100000000)
  eden space 323584K, 9% used [0x00000000d5580000,0x00000000d7463790,0x00000000e9180000)
  from space 36864K, 99% used [0x00000000e9180000,0x00000000eb57adb8,0x00000000eb580000)
  to   space 45056K, 0% used [0x00000000ed800000,0x00000000ed800000,0x00000000f0400000)
 ParOldGen       total 298496K, used 69703K [0x0000000080000000, 0x0000000092380000, 0x00000000d5580000)
  object space 298496K, 23% used [0x0000000080000000,0x0000000084411d90,0x0000000092380000)
 Metaspace       used 107546K, capacity 114256K, committed 114472K, reserved 1148928K
  class space    used 13861K, capacity 15094K, committed 15152K, reserved 1048576K
GC Heap History (10 events):
Event: 6152.776 GC heap before
{Heap before GC invocations=23 (full 4):
 PSYoungGen      total 303616K, used 276737K [0x00000000d5580000, 0x00000000edc80000, 0x0000000100000000)
  eden space 276992K, 99% used [0x00000000d5580000,0x00000000e63c0530,0x00000000e6400000)
  from space 26624K, 0% used [0x00000000ec280000,0x00000000ec280000,0x00000000edc80000)
  to   space 40960K, 0% used [0x00000000e8c80000,0x00000000e8c80000,0x00000000eb480000)
 ParOldGen       total 298496K, used 59390K [0x0000000080000000, 0x0000000092380000, 0x00000000d5580000)
  object space 298496K, 19% used [0x0000000080000000,0x00000000839ffb48,0x0000000092380000)
 Metaspace       used 93307K, capacity 98488K, committed 99112K, reserved 1134592K
  class space    used 12148K, capacity 13090K, committed 13232K, reserved 1048576K
Event: 6152.809 GC heap after
Heap after GC invocations=23 (full 4):
 PSYoungGen      total 317440K, used 13658K [0x00000000d5580000, 0x00000000ecc00000, 0x0000000100000000)
  eden space 303616K, 0% used [0x00000000d5580000,0x00000000d5580000,0x00000000e7e00000)
  from space 13824K, 98% used [0x00000000e8c80000,0x00000000e99d6a20,0x00000000e9a00000)
  to   space 39936K, 0% used [0x00000000ea500000,0x00000000ea500000,0x00000000ecc00000)
 ParOldGen       total 298496K, used 59398K [0x0000000080000000, 0x0000000092380000, 0x00000000d5580000)
  object space 298496K, 19% used [0x0000000080000000,0x0000000083a01b48,0x0000000092380000)
 Metaspace       used 93307K, capacity 98488K, committed 99112K, reserved 1134592K
  class space    used 12148K, capacity 13090K, committed 13232K, reserved 1048576K
}
Event: 6685.165 GC heap before
{Heap before GC invocations=24 (full 4):
 PSYoungGen      total 317440K, used 317274K [0x00000000d5580000, 0x00000000ecc00000, 0x0000000100000000)
  eden space 303616K, 100% used [0x00000000d5580000,0x00000000e7e00000,0x00000000e7e00000)
  from space 13824K, 98% used [0x00000000e8c80000,0x00000000e99d6a20,0x00000000e9a00000)
  to   space 39936K, 0% used [0x00000000ea500000,0x00000000ea500000,0x00000000ecc00000)
 ParOldGen       total 298496K, used 59398K [0x0000000080000000, 0x0000000092380000, 0x00000000d5580000)
  object space 298496K, 19% used [0x0000000080000000,0x0000000083a01b48,0x0000000092380000)
 Metaspace       used 99954K, capacity 105706K, committed 106024K, reserved 1140736K
  class space    used 13052K, capacity 14086K, committed 14128K, reserved 1048576K
Event: 6685.187 GC heap after
Heap after GC invocations=24 (full 4):
 PSYoungGen      total 345088K, used 19612K [0x00000000d5580000, 0x00000000edf80000, 0x0000000100000000)
  eden space 305152K, 0% used [0x00000000d5580000,0x00000000d5580000,0x00000000e7f80000)
  from space 39936K, 49% used [0x00000000ea500000,0x00000000eb827100,0x00000000ecc00000)
  to   space 38400K, 0% used [0x00000000e7f80000,0x00000000e7f80000,0x00000000ea500000)
 ParOldGen       total 298496K, used 59406K [0x0000000080000000, 0x0000000092380000, 0x00000000d5580000)
  object space 298496K, 19% used [0x0000000080000000,0x0000000083a03b48,0x0000000092380000)
 Metaspace       used 99954K, capacity 105706K, committed 106024K, reserved 1140736K
  class space    used 13052K, capacity 14086K, committed 14128K, reserved 1048576K
}
Event: 7702.542 GC heap before
{Heap before GC invocations=25 (full 4):
 PSYoungGen      total 345088K, used 324764K [0x00000000d5580000, 0x00000000edf80000, 0x0000000100000000)
  eden space 305152K, 100% used [0x00000000d5580000,0x00000000e7f80000,0x00000000e7f80000)
  from space 39936K, 49% used [0x00000000ea500000,0x00000000eb827100,0x00000000ecc00000)
  to   space 38400K, 0% used [0x00000000e7f80000,0x00000000e7f80000,0x00000000ea500000)
 ParOldGen       total 298496K, used 59406K [0x0000000080000000, 0x0000000092380000, 0x00000000d5580000)
  object space 298496K, 19% used [0x0000000080000000,0x0000000083a03b48,0x0000000092380000)
 Metaspace       used 104796K, capacity 111002K, committed 111144K, reserved 1144832K
  class space    used 13593K, capacity 14785K, committed 14896K, reserved 1048576K
Event: 7702.554 GC heap after
Heap after GC invocations=25 (full 4):
 PSYoungGen      total 343552K, used 16844K [0x00000000d5580000, 0x00000000ed980000, 0x0000000100000000)
  eden space 305152K, 0% used [0x00000000d5580000,0x00000000d5580000,0x00000000e7f80000)
  from space 38400K, 43% used [0x00000000e7f80000,0x00000000e8ff33b8,0x00000000ea500000)
  to   space 36864K, 0% used [0x00000000eb580000,0x00000000eb580000,0x00000000ed980000)
 ParOldGen       total 298496K, used 59414K [0x0000000080000000, 0x0000000092380000, 0x00000000d5580000)
  object space 298496K, 19% used [0x0000000080000000,0x0000000083a05b48,0x0000000092380000)
 Metaspace       used 104796K, capacity 111002K, committed 111144K, reserved 1144832K
  class space    used 13593K, capacity 14785K, committed 14896K, reserved 1048576K
}
Event: 7711.209 GC heap before
{Heap before GC invocations=26 (full 4):
 PSYoungGen      total 343552K, used 321996K [0x00000000d5580000, 0x00000000ed980000, 0x0000000100000000)
  eden space 305152K, 100% used [0x00000000d5580000,0x00000000e7f80000,0x00000000e7f80000)
  from space 38400K, 43% used [0x00000000e7f80000,0x00000000e8ff33b8,0x00000000ea500000)
  to   space 36864K, 0% used [0x00000000eb580000,0x00000000eb580000,0x00000000ed980000)
 ParOldGen       total 298496K, used 59414K [0x0000000080000000, 0x0000000092380000, 0x00000000d5580000)
  object space 298496K, 19% used [0x0000000080000000,0x0000000083a05b48,0x0000000092380000)
 Metaspace       used 105905K, capacity 112406K, committed 112552K, reserved 1146880K
  class space    used 13697K, capacity 14921K, committed 15024K, reserved 1048576K
Event: 7711.272 GC heap after
Heap after GC invocations=26 (full 4):
 PSYoungGen      total 360448K, used 23788K [0x00000000d5580000, 0x00000000ede00000, 0x0000000100000000)
  eden space 323584K, 0% used [0x00000000d5580000,0x00000000d5580000,0x00000000e9180000)
  from space 36864K, 64% used [0x00000000eb580000,0x00000000eccbb018,0x00000000ed980000)
  to   space 36864K, 0% used [0x00000000e9180000,0x00000000e9180000,0x00000000eb580000)
 ParOldGen       total 298496K, used 59422K [0x0000000080000000, 0x0000000092380000, 0x00000000d5580000)
  object space 298496K, 19% used [0x0000000080000000,0x0000000083a07b48,0x0000000092380000)
 Metaspace       used 105905K, capacity 112406K, committed 112552K, reserved 1146880K
  class space    used 13697K, capacity 14921K, committed 15024K, reserved 1048576K
}
Event: 7726.199 GC heap before
{Heap before GC invocations=27 (full 4):
 PSYoungGen      total 360448K, used 347372K [0x00000000d5580000, 0x00000000ede00000, 0x0000000100000000)
  eden space 323584K, 100% used [0x00000000d5580000,0x00000000e9180000,0x00000000e9180000)
  from space 36864K, 64% used [0x00000000eb580000,0x00000000eccbb018,0x00000000ed980000)
  to   space 36864K, 0% used [0x00000000e9180000,0x00000000e9180000,0x00000000eb580000)
 ParOldGen       total 298496K, used 59422K [0x0000000080000000, 0x0000000092380000, 0x00000000d5580000)
  object space 298496K, 19% used [0x0000000080000000,0x0000000083a07b48,0x0000000092380000)
 Metaspace       used 107470K, capacity 114238K, committed 114472K, reserved 1148928K
  class space    used 13855K, capacity 15091K, committed 15152K, reserved 1048576K
Event: 7726.302 GC heap after
Heap after GC invocations=27 (full 4):
 PSYoungGen      total 360448K, used 36843K [0x00000000d5580000, 0x00000000f0400000, 0x0000000100000000)
  eden space 323584K, 0% used [0x00000000d5580000,0x00000000d5580000,0x00000000e9180000)
  from space 36864K, 99% used [0x00000000e9180000,0x00000000eb57adb8,0x00000000eb580000)
  to   space 45056K, 0% used [0x00000000ed800000,0x00000000ed800000,0x00000000f0400000)
 ParOldGen       total 298496K, used 69703K [0x0000000080000000, 0x0000000092380000, 0x00000000d5580000)
  object space 298496K, 23% used [0x0000000080000000,0x0000000084411d90,0x0000000092380000)
 Metaspace       used 107470K, capacity 114238K, committed 114472K, reserved 1148928K
  class space    used 13855K, capacity 15091K, committed 15152K, reserved 1048576K
}

